Plugins:
Bundled analyzers:
  - Python Code Quality and Security 3.24.0.10784 (python)
  - Go Code Quality and Security 1.11.0.3905 (go)
  - JaCoCo 1.3.0.1538 (jacoco)
  - Kotlin Code Quality and Security 2.12.0.1956 (kotlin)
  - IaC Code Quality and Security 1.11.0.2847 (iac)
  - JavaScript/TypeScript/CSS Code Quality and Security 9.13.0.20537 (javascript)
  - Ruby Code Quality and Security 1.11.0.3905 (ruby)
  - Scala Code Quality and Security 1.11.0.3905 (sonarscala)
  - C# Code Quality and Security 8.51.0.59060 (csharp)
  - Java Code Quality and Security 7.16.0.30901 (java)
  - HTML Code Quality and Security 3.7.1.3306 (web)
  - Flex Code Quality and Security 2.8.0.3166 (flex)
  - XML Code Quality and Security 2.7.0.3820 (xml)
  - PHP Code Quality and Security 3.27.1.9352 (php)
  - Text Code Quality and Security 2.0.1.611 (text)
  - VB.NET Code Quality and Security 8.51.0.59060 (vbnet)
  - Configuration detection fot Code Quality and Security 1.2.0.267 (config)
Global server settings:
  - sonar.core.id=147B411E-AYcKLOfWdsfcx5-wsaQv
  - sonar.core.startTime=2023-03-23T00:16:55+0000
  - sonar.forceAuthentication=true
Project server settings:
Project scanner properties:
  - sonar.host.url=http://localhost:9000
  - sonar.java.binaries=build
  - sonar.java.libraries=lib/*.jar
  - sonar.login=******
  - sonar.projectBaseDir=/Users/mmuzaf/IdeaProjects/cassandra
  - sonar.projectKey=org.sonarqube:sonarqube-scanner-ant
  - sonar.projectName=SonarScanner for Ant Usage
  - sonar.projectVersion=1.0
  - sonar.scanner.app=Ant
  - sonar.scanner.appVersion=2.7.1.1951
  - sonar.sourceEncoding=US-ASCII
  - sonar.sources=src
  - sonar.working.directory=/Users/mmuzaf/IdeaProjects/cassandra/.scannerwork
